<?xml version="1.0" encoding="UTF-8"?>
<!-- Generated by org.testng.reporters.JUnitReportReporter -->
<testsuite hostname="D4J0PT2" failures="0" tests="1" name="TestRunner.CucumberTestRunner" time="29.065" errors="0" timestamp="2023-12-14T10:20:48 IST" skipped="0">
  <testcase classname="TestRunner.CucumberTestRunner" name="runScenario" time="29.065"/>
</testsuite> <!-- TestRunner.CucumberTestRunner -->
